This is pdfTeX, Version 3.141592653-2.6-1.40.29 (TeX Live 2026) (preloaded format=pdflatex 2026.3.21)  10 APR 2026 00:02
entering extended mode
 restricted \write18 enabled.
 %&-line parsing enabled.
**user-manual.tex
(./user-manual.tex
LaTeX2e <2025-11-01>
L3 programming layer <2026-01-19>
(/usr/local/texlive/2026basic/texmf-dist/tex/latex/base/article.cls
Document Class: article 2025/01/22 v1.4n Standard LaTeX document class
(/usr/local/texlive/2026basic/texmf-dist/tex/latex/base/size11.clo
File: size11.clo 2025/01/22 v1.4n Standard LaTeX file (size option)
)
\c@part=\count275
\c@section=\count276
\c@subsection=\count277
\c@subsubsection=\count278
\c@paragraph=\count279
\c@subparagraph=\count280
\c@figure=\count281
\c@table=\count282
\abovecaptionskip=\skip49
\belowcaptionskip=\skip50
\bibindent=\dimen148
)
(/usr/local/texlive/2026basic/texmf-dist/tex/latex/geometry/geometry.sty
Package: geometry 2020/01/02 v5.9 Page Geometry

(/usr/local/texlive/2026basic/texmf-dist/tex/latex/graphics/keyval.sty
Package: keyval 2022/05/29 v1.15 key=value parser (DPC)
\KV@toks@=\toks17
)
(/usr/local/texlive/2026basic/texmf-dist/tex/generic/iftex/ifvtex.sty
Package: ifvtex 2019/10/25 v1.7 ifvtex legacy package. Use iftex instead.

(/usr/local/texlive/2026basic/texmf-dist/tex/generic/iftex/iftex.sty
Package: iftex 2024/12/12 v1.0g TeX engine tests
))
\Gm@cnth=\count283
\Gm@cntv=\count284
\c@Gm@tempcnt=\count285
\Gm@bindingoffset=\dimen149
\Gm@wd@mp=\dimen150
\Gm@odd@mp=\dimen151
\Gm@even@mp=\dimen152
\Gm@layoutwidth=\dimen153
\Gm@layoutheight=\dimen154
\Gm@layouthoffset=\dimen155
\Gm@layoutvoffset=\dimen156
\Gm@dimlist=\toks18
)
(/usr/local/texlive/2026basic/texmf-dist/tex/latex/base/inputenc.sty
Package: inputenc 2024/02/08 v1.3d Input encoding file
\inpenc@prehook=\toks19
\inpenc@posthook=\toks20
)
(/usr/local/texlive/2026basic/texmf-dist/tex/latex/base/fontenc.sty
Package: fontenc 2025/07/18 v2.1d Standard LaTeX package


! Package fontenc Error: Encoding file `t2aenc.def' not found.
(fontenc)                You might have misspelled the name of the encoding 
(fontenc)                or a required support package (e.g., cyrillic) is 
(fontenc)                missing in your installation.

See the fontenc package documentation for explanation.
Type  H <return>  for immediate help.
 ...                                              
                                                  
l.115 \ProcessOptions*
                      
? 

! LaTeX Error: Encoding scheme `T2A' unknown.

See the LaTeX manual or LaTeX Companion for explanation.
Type  H <return>  for immediate help.
 ...                                              
                                                  
l.116 ...\familydefault\seriesdefault\shapedefault
                                                  
? 
) (/usr/local/texlive/2026basic/texmf-dist/tex/generic/babel/babel.sty
Package: babel 2026/02/14 v26.3 The multilingual framework for LuaLaTeX, pdfLaT
eX and XeLaTeX
\babel@savecnt=\count286
LaTeX Encoding Info:    Redeclaring text command \ij (encoding OT1) on input li
ne 2078.
LaTeX Encoding Info:    Redeclaring text command \IJ (encoding OT1) on input li
ne 2080.
LaTeX Encoding Info:    Redeclaring text command \ij (encoding T1) on input lin
e 2082.
LaTeX Encoding Info:    Redeclaring text command \IJ (encoding T1) on input lin
e 2083.
LaTeX Encoding Info:    Ignoring declaration for text command \ij (encoding ?) 
on input line 2084.
LaTeX Encoding Info:    Ignoring declaration for text command \IJ (encoding ?) 
on input line 2086.
LaTeX Encoding Info:    Ignoring declaration for text command \SS (encoding ?) 
on input line 2111.
\U@D=\dimen157
\l@unhyphenated=\language23

(/usr/local/texlive/2026basic/texmf-dist/tex/generic/babel/txtbabel.def)
\bbl@readstream=\read2
\bbl@dirlevel=\count287

(/usr/local/texlive/2026basic/texmf-dist/tex/generic/babel/locale/en/babel-engl
ish.tex)
(/usr/local/texlive/2026basic/texmf-dist/tex/generic/babel/locale/ru/babel-russ
ian.tex)
Package babel Info: Importing font and identification data for english
(babel)             from babel-en.ini. Reported on input line 4330.

(/usr/local/texlive/2026basic/texmf-dist/tex/generic/babel-english/english.ldf
Language: english 2017/06/06 v3.3r English support from the babel system
Package babel Info: Hyphen rules for 'canadian' set to \l@english
(babel)             (\language0). Reported on input line 102.
Package babel Info: Hyphen rules for 'australian' set to \l@ukenglish
(babel)             (\language7). Reported on input line 105.
Package babel Info: Hyphen rules for 'newzealand' set to \l@ukenglish
(babel)             (\language7). Reported on input line 108.
)
Package babel Info: Importing font and identification data for russian
(babel)             from babel-ru.ini. Reported on input line 4330.
(/usr/local/texlive/2026basic/texmf-dist/tex/generic/babel/errbabel.def)

! Package babel Error: Unknown option 'russian'.
(babel)                Suggested actions:
(babel)                * Make sure you havenвАЩt misspelled it
(babel)                * Check in the babel manual that it's supported
(babel)                * If supported and it's a language, you may
(babel)                  need in some distributions a separate
(babel)                  installation
(babel)                * If installed, check there isnвАЩt an old
(babel)                  version of the required files in your system
(babel)                * If it's an unsupported language, create it with
(babel)                \babelprovide(see the manual).

See the babel package documentation for explanation.
Type  H <return>  for immediate help.
 ...                                              
                                                  
l.4330 \bbl@tempb
                 
? 
) (/usr/local/texlive/2026basic/texmf-dist/tex/latex/graphics/graphicx.sty
Package: graphicx 2024/12/31 v1.2e Enhanced LaTeX Graphics (DPC,SPQR)

(/usr/local/texlive/2026basic/texmf-dist/tex/latex/graphics/graphics.sty
Package: graphics 2024/08/06 v1.4g Standard LaTeX Graphics (DPC,SPQR)

(/usr/local/texlive/2026basic/texmf-dist/tex/latex/graphics/trig.sty
Package: trig 2023/12/02 v1.11 sin cos tan (DPC)
)
(/usr/local/texlive/2026basic/texmf-dist/tex/latex/graphics-cfg/graphics.cfg
File: graphics.cfg 2016/06/04 v1.11 sample graphics configuration
)
Package graphics Info: Driver file: pdftex.def on input line 106.

(/usr/local/texlive/2026basic/texmf-dist/tex/latex/graphics-def/pdftex.def
File: pdftex.def 2025/09/29 v1.2d Graphics/color driver for pdftex
))
\Gin@req@height=\dimen158
\Gin@req@width=\dimen159
)

! LaTeX Error: Encoding scheme `T2A' unknown.

See the LaTeX manual or LaTeX Companion for explanation.
Type  H <return>  for immediate help.
 ...                                              
                                                  
l.17 \begin{document}
                     
? 

(/usr/local/texlive/2026basic/texmf-dist/tex/latex/l3backend/l3backend-pdftex.d
ef
File: l3backend-pdftex.def 2025-10-09 L3 backend support: PDF output (pdfTeX)
\l__color_backend_stack_int=\count288
) (./user-manual.aux)
\openout1 = `user-manual.aux'.

LaTeX Font Info:    Checking defaults for OML/cmm/m/it on input line 17.
LaTeX Font Info:    ... okay on input line 17.
LaTeX Font Info:    Checking defaults for OMS/cmsy/m/n on input line 17.
LaTeX Font Info:    ... okay on input line 17.
LaTeX Font Info:    Checking defaults for OT1/cmr/m/n on input line 17.
LaTeX Font Info:    ... okay on input line 17.
LaTeX Font Info:    Checking defaults for T1/cmr/m/n on input line 17.
LaTeX Font Info:    ... okay on input line 17.
LaTeX Font Info:    Checking defaults for TS1/cmr/m/n on input line 17.
LaTeX Font Info:    ... okay on input line 17.
LaTeX Font Info:    Checking defaults for OMX/cmex/m/n on input line 17.
LaTeX Font Info:    ... okay on input line 17.
LaTeX Font Info:    Checking defaults for U/cmr/m/n on input line 17.
LaTeX Font Info:    ... okay on input line 17.


! LaTeX Error: Encoding scheme `T2A' unknown.

See the LaTeX manual or LaTeX Companion for explanation.
Type  H <return>  for immediate help.
 ...                                              
                                                  
l.17 \begin{document}
                     
? 
*geometry* driver: auto-detecting
*geometry* detected driver: pdftex
*geometry* verbose mode - [ preamble ] result:
* driver: pdftex
* paper: a4paper
* layout: <same size as paper>
* layoutoffset:(h,v)=(0.0pt,0.0pt)
* modes: 
* h-part:(L,W,R)=(72.26999pt, 452.9679pt, 72.26999pt)
* v-part:(T,H,B)=(72.26999pt, 700.50687pt, 72.26999pt)
* \paperwidth=597.50787pt
* \paperheight=845.04684pt
* \textwidth=452.9679pt
* \textheight=700.50687pt
* \oddsidemargin=0.0pt
* \evensidemargin=0.0pt
* \topmargin=-37.0pt
* \headheight=12.0pt
* \headsep=25.0pt
* \topskip=11.0pt
* \footskip=30.0pt
* \marginparwidth=50.0pt
* \marginparsep=10.0pt
* \columnsep=10.0pt
* \skip\footins=10.0pt plus 4.0pt minus 2.0pt
* \hoffset=0.0pt
* \voffset=0.0pt
* \mag=1000
* \@twocolumnfalse
* \@twosidefalse
* \@mparswitchfalse
* \@reversemarginfalse
* (1in=72.27pt=25.4mm, 1cm=28.453pt)

(/usr/local/texlive/2026basic/texmf-dist/tex/context/base/mkii/supp-pdf.mkii
[Loading MPS to PDF converter (version 2006.09.02).]
\scratchcounter=\count289
\scratchdimen=\dimen160
\scratchbox=\box53
\nofMPsegments=\count290
\nofMParguments=\count291
\everyMPshowfont=\toks21
\MPscratchCnt=\count292
\MPscratchDim=\dimen161
\MPnumerator=\count293
\makeMPintoPDFobject=\count294
\everyMPtoPDFconversion=\toks22
)
(/usr/local/texlive/2026basic/texmf-dist/tex/latex/epstopdf-pkg/epstopdf-base.s
ty
Package: epstopdf-base 2020-01-24 v2.11 Base part for package epstopdf
Package epstopdf-base Info: Redefining graphics rule for `.eps' on input line 4
85.

(/usr/local/texlive/2026basic/texmf-dist/tex/latex/latexconfig/epstopdf-sys.cfg
File: epstopdf-sys.cfg 2010/07/13 v1.3 Configuration of (r)epstopdf for TeX Liv
e
))

! LaTeX Error: Unicode character –У (U+0413)
               not set up for use with LaTeX.

See the LaTeX manual or LaTeX Companion for explanation.
Type  H <return>  for immediate help.
 ...                                              
                                                  
l.20 {\LARGE –У
               –Њ–ї–Њ–Љ—В –Ъ–∞—А–≥–Њ –Љ–Њ–±–∞–є–ї —Б–Є—Б—В–µ–Љ–Є–є–љ —Е—Н—А—...

? 

! LaTeX Error: Unicode character –Њ (U+043E)
               not set up for use with LaTeX.

See the LaTeX manual or LaTeX Companion for explanation.
Type  H <return>  for immediate help.
 ...                                              
                                                  
l.20 {\LARGE –У–Њ
                 –ї–Њ–Љ—В –Ъ–∞—А–≥–Њ –Љ–Њ–±–∞–є–ї —Б–Є—Б—В–µ–Љ–Є–є–љ —Е—Н—А—...

? 

! LaTeX Error: Unicode character –ї (U+043B)
               not set up for use with LaTeX.

See the LaTeX manual or LaTeX Companion for explanation.
Type  H <return>  for immediate help.
 ...                                              
                                                  
l.20 {\LARGE –У–Њ–ї
                   –Њ–Љ—В –Ъ–∞—А–≥–Њ –Љ–Њ–±–∞–є–ї —Б–Є—Б—В–µ–Љ–Є–є–љ —Е—Н—А—...

? 

! LaTeX Error: Unicode character –Њ (U+043E)
               not set up for use with LaTeX.

See the LaTeX manual or LaTeX Companion for explanation.
Type  H <return>  for immediate help.
 ...                                              
                                                  
l.20 {\LARGE –У–Њ–ї–Њ
                     –Љ—В –Ъ–∞—А–≥–Њ –Љ–Њ–±–∞–є–ї —Б–Є—Б—В–µ–Љ–Є–є–љ —Е—Н—А—...

? 

! LaTeX Error: Unicode character –Љ (U+043C)
               not set up for use with LaTeX.

See the LaTeX manual or LaTeX Companion for explanation.
Type  H <return>  for immediate help.
 ...                                              
                                                  
l.20 {\LARGE –У–Њ–ї–Њ–Љ
                       —В –Ъ–∞—А–≥–Њ –Љ–Њ–±–∞–є–ї —Б–Є—Б—В–µ–Љ–Є–є–љ —Е—Н—А—...

? 

! LaTeX Error: Unicode character —В (U+0442)
               not set up for use with LaTeX.

See the LaTeX manual or LaTeX Companion for explanation.
Type  H <return>  for immediate help.
 ...                                              
                                                  
l.20 {\LARGE –У–Њ–ї–Њ–Љ—В
                          –Ъ–∞—А–≥–Њ –Љ–Њ–±–∞–є–ї —Б–Є—Б—В–µ–Љ–Є–є–љ —Е—Н—А—...

? 

! LaTeX Error: Unicode character –Ъ (U+041A)
               not set up for use with LaTeX.

See the LaTeX manual or LaTeX Companion for explanation.
Type  H <return>  for immediate help.
 ...                                              
                                                  
l.20 {\LARGE –У–Њ–ї–Њ–Љ—В –Ъ
                            –∞—А–≥–Њ –Љ–Њ–±–∞–є–ї —Б–Є—Б—В–µ–Љ–Є–є–љ —Е—Н—А—...

? 

! LaTeX Error: Unicode character –∞ (U+0430)
               not set up for use with LaTeX.

See the LaTeX manual or LaTeX Companion for explanation.
Type  H <return>  for immediate help.
 ...                                              
                                                  
l.20 {\LARGE –У–Њ–ї–Њ–Љ—В –Ъ–∞
                              —А–≥–Њ –Љ–Њ–±–∞–є–ї —Б–Є—Б—В–µ–Љ–Є–є–љ —Е—Н—А—...

? 

! LaTeX Error: Unicode character —А (U+0440)
               not set up for use with LaTeX.

See the LaTeX manual or LaTeX Companion for explanation.
Type  H <return>  for immediate help.
 ...                                              
                                                  
l.20 {\LARGE –У–Њ–ї–Њ–Љ—В –Ъ–∞—А
                                –≥–Њ –Љ–Њ–±–∞–є–ї —Б–Є—Б—В–µ–Љ–Є–є–љ —Е—Н—А—...

? 

! LaTeX Error: Unicode character –≥ (U+0433)
               not set up for use with LaTeX.

See the LaTeX manual or LaTeX Companion for explanation.
Type  H <return>  for immediate help.
 ...                                              
                                                  
l.20 {\LARGE –У–Њ–ї–Њ–Љ—В –Ъ–∞—А–≥
                                  –Њ –Љ–Њ–±–∞–є–ї —Б–Є—Б—В–µ–Љ–Є–є–љ —Е—Н—А—...

? 

! LaTeX Error: Unicode character –Њ (U+043E)
               not set up for use with LaTeX.

See the LaTeX manual or LaTeX Companion for explanation.
Type  H <return>  for immediate help.
 ...                                              
                                                  
l.20 {\LARGE –У–Њ–ї–Њ–Љ—В –Ъ–∞—А–≥–Њ
                                     –Љ–Њ–±–∞–є–ї —Б–Є—Б—В–µ–Љ–Є–є–љ —Е—Н—А—...

? 

! LaTeX Error: Unicode character –Љ (U+043C)
               not set up for use with LaTeX.

See the LaTeX manual or LaTeX Companion for explanation.
Type  H <return>  for immediate help.
 ...                                              
                                                  
l.20 {\LARGE –У–Њ–ї–Њ–Љ—В –Ъ–∞—А–≥–Њ –Љ
                                       –Њ–±–∞–є–ї —Б–Є—Б—В–µ–Љ–Є–є–љ —Е—Н—А—...

? 

! LaTeX Error: Unicode character –Њ (U+043E)
               not set up for use with LaTeX.

See the LaTeX manual or LaTeX Companion for explanation.
Type  H <return>  for immediate help.
 ...                                              
                                                  
l.20 {\LARGE –У–Њ–ї–Њ–Љ—В –Ъ–∞—А–≥–Њ –Љ–Њ
                                         –±–∞–є–ї —Б–Є—Б—В–µ–Љ–Є–є–љ —Е—Н—А—...

? 

! LaTeX Error: Unicode character –± (U+0431)
               not set up for use with LaTeX.

See the LaTeX manual or LaTeX Companion for explanation.
Type  H <return>  for immediate help.
 ...                                              
                                                  
l.20 {\LARGE –У–Њ–ї–Њ–Љ—В –Ъ–∞—А–≥–Њ –Љ–Њ–±
                                           –∞–є–ї —Б–Є—Б—В–µ–Љ–Є–є–љ —Е—Н—А—...

? 

! LaTeX Error: Unicode character –∞ (U+0430)
               not set up for use with LaTeX.

See the LaTeX manual or LaTeX Companion for explanation.
Type  H <return>  for immediate help.
 ...                                              
                                                  
l.20 {\LARGE –У–Њ–ї–Њ–Љ—В –Ъ–∞—А–≥–Њ –Љ–Њ–±–∞
                                             –є–ї —Б–Є—Б—В–µ–Љ–Є–є–љ —Е—Н—А—...

? 

! LaTeX Error: Unicode character –є (U+0439)
               not set up for use with LaTeX.

See the LaTeX manual or LaTeX Companion for explanation.
Type  H <return>  for immediate help.
 ...                                              
                                                  
l.20 {\LARGE –У–Њ–ї–Њ–Љ—В –Ъ–∞—А–≥–Њ –Љ–Њ–±–∞–є
                                               –ї —Б–Є—Б—В–µ–Љ–Є–є–љ —Е—Н—А—...

? 

! LaTeX Error: Unicode character –ї (U+043B)
               not set up for use with LaTeX.

See the LaTeX manual or LaTeX Companion for explanation.
Type  H <return>  for immediate help.
 ...                                              
                                                  
l.20 {\LARGE –У–Њ–ї–Њ–Љ—В –Ъ–∞—А–≥–Њ –Љ–Њ–±–∞–є–ї
                                                  —Б–Є—Б—В–µ–Љ–Є–є–љ —Е—Н—А—...

? 

! LaTeX Error: Unicode character —Б (U+0441)
               not set up for use with LaTeX.

See the LaTeX manual or LaTeX Companion for explanation.
Type  H <return>  for immediate help.
 ...                                              
                                                  
l.20 ...GE –У–Њ–ї–Њ–Љ—В –Ъ–∞—А–≥–Њ –Љ–Њ–±–∞–є–ї —Б
                                                  –Є—Б—В–µ–Љ–Є–є–љ —Е—Н—А—Н–...

? 

! LaTeX Error: Unicode character –Є (U+0438)
               not set up for use with LaTeX.

See the LaTeX manual or LaTeX Companion for explanation.
Type  H <return>  for immediate help.
 ...                                              
                                                  
l.20 ... –У–Њ–ї–Њ–Љ—В –Ъ–∞—А–≥–Њ –Љ–Њ–±–∞–є–ї —Б–Є
                                                  —Б—В–µ–Љ–Є–є–љ —Е—Н—А—Н–≥–...

? 

! LaTeX Error: Unicode character —Б (U+0441)
               not set up for use with LaTeX.

See the LaTeX manual or LaTeX Companion for explanation.
Type  H <return>  for immediate help.
 ...                                              
                                                  
l.20 ...У–Њ–ї–Њ–Љ—В –Ъ–∞—А–≥–Њ –Љ–Њ–±–∞–є–ї —Б–Є—Б
                                                  —В–µ–Љ–Є–є–љ —Е—Н—А—Н–≥–ї—...

? 

! LaTeX Error: Unicode character —В (U+0442)
               not set up for use with LaTeX.

See the LaTeX manual or LaTeX Companion for explanation.
Type  H <return>  for immediate help.
 ...                                              
                                                  
l.20 ...Њ–ї–Њ–Љ—В –Ъ–∞—А–≥–Њ –Љ–Њ–±–∞–є–ї —Б–Є—Б—В
                                                  –µ–Љ–Є–є–љ —Е—Н—А—Н–≥–ї—Н–...

? 

! LaTeX Error: Unicode character –µ (U+0435)
               not set up for use with LaTeX.

See the LaTeX manual or LaTeX Companion for explanation.
Type  H <return>  for immediate help.
 ...                                              
                                                  
l.20 ...ї–Њ–Љ—В –Ъ–∞—А–≥–Њ –Љ–Њ–±–∞–є–ї —Б–Є—Б—В–µ
                                                  –Љ–Є–є–љ —Е—Н—А—Н–≥–ї—Н–≥—...

? 

! LaTeX Error: Unicode character –Љ (U+043C)
               not set up for use with LaTeX.

See the LaTeX manual or LaTeX Companion for explanation.
Type  H <return>  for immediate help.
 ...                                              
                                                  
l.20 ...Њ–Љ—В –Ъ–∞—А–≥–Њ –Љ–Њ–±–∞–є–ї —Б–Є—Б—В–µ–Љ
                                                  –Є–є–љ —Е—Н—А—Н–≥–ї—Н–≥—З–...

? 

! LaTeX Error: Unicode character –Є (U+0438)
               not set up for use with LaTeX.

See the LaTeX manual or LaTeX Companion for explanation.
Type  H <return>  for immediate help.
 ...                                              
                                                  
l.20 ...Љ—В –Ъ–∞—А–≥–Њ –Љ–Њ–±–∞–є–ї —Б–Є—Б—В–µ–Љ–Є
                                                  –є–љ —Е—Н—А—Н–≥–ї—Н–≥—З–Є–...

? 

! LaTeX Error: Unicode character –є (U+0439)
               not set up for use with LaTeX.

See the LaTeX manual or LaTeX Companion for explanation.
Type  H <return>  for immediate help.
 ...                                              
                                                  
l.20 ...В –Ъ–∞—А–≥–Њ –Љ–Њ–±–∞–є–ї —Б–Є—Б—В–µ–Љ–Є–є
                                                  –љ —Е—Н—А—Н–≥–ї—Н–≥—З–Є–є–...

? 

! LaTeX Error: Unicode character –љ (U+043D)
               not set up for use with LaTeX.

See the LaTeX manual or LaTeX Companion for explanation.
Type  H <return>  for immediate help.
 ...                                              
                                                  
l.20 ...–Ъ–∞—А–≥–Њ –Љ–Њ–±–∞–є–ї —Б–Є—Б—В–µ–Љ–Є–є–љ
                                                   —Е—Н—А—Н–≥–ї—Н–≥—З–Є–є–љ ...

? 

! LaTeX Error: Unicode character —Е (U+0445)
               not set up for use with LaTeX.

See the LaTeX manual or LaTeX Companion for explanation.
Type  H <return>  for immediate help.
 ...                                              
                                                  
l.20 ...∞—А–≥–Њ –Љ–Њ–±–∞–є–ї —Б–Є—Б—В–µ–Љ–Є–є–љ —Е
                                                  —Н—А—Н–≥–ї—Н–≥—З–Є–є–љ –≥–...

? 

! LaTeX Error: Unicode character —Н (U+044D)
               not set up for use with LaTeX.

See the LaTeX manual or LaTeX Companion for explanation.
Type  H <return>  for immediate help.
 ...                                              
                                                  
l.20 ...А–≥–Њ –Љ–Њ–±–∞–є–ї —Б–Є—Б—В–µ–Љ–Є–є–љ —Е—Н
                                                  —А—Н–≥–ї—Н–≥—З–Є–є–љ –≥–∞—...

? 

! LaTeX Error: Unicode character —А (U+0440)
               not set up for use with LaTeX.

See the LaTeX manual or LaTeX Companion for explanation.
Type  H <return>  for immediate help.
 ...                                              
                                                  
l.20 ...≥–Њ –Љ–Њ–±–∞–є–ї —Б–Є—Б—В–µ–Љ–Є–є–љ —Е—Н—А
                                                  —Н–≥–ї—Н–≥—З–Є–є–љ –≥–∞—А—...

? 

! LaTeX Error: Unicode character —Н (U+044D)
               not set up for use with LaTeX.

See the LaTeX manual or LaTeX Companion for explanation.
Type  H <return>  for immediate help.
 ...                                              
                                                  
l.20 ...Њ –Љ–Њ–±–∞–є–ї —Б–Є—Б—В–µ–Љ–Є–є–љ —Е—Н—А—Н
                                                  –≥–ї—Н–≥—З–Є–є–љ –≥–∞—А—Л–...

? 

! LaTeX Error: Unicode character –≥ (U+0433)
               not set up for use with LaTeX.

See the LaTeX manual or LaTeX Companion for explanation.
Type  H <return>  for immediate help.
 ...                                              
                                                  
l.20 ...–Љ–Њ–±–∞–є–ї —Б–Є—Б—В–µ–Љ–Є–є–љ —Е—Н—А—Н–≥
                                                  –ї—Н–≥—З–Є–є–љ –≥–∞—А—Л–љ ...

? 

! LaTeX Error: Unicode character –ї (U+043B)
               not set up for use with LaTeX.

See the LaTeX manual or LaTeX Companion for explanation.
Type  H <return>  for immediate help.
 ...                                              
                                                  
l.20 ...–Њ–±–∞–є–ї —Б–Є—Б—В–µ–Љ–Є–є–љ —Е—Н—А—Н–≥–ї
                                                  —Н–≥—З–Є–є–љ –≥–∞—А—Л–љ –∞...

? 

! LaTeX Error: Unicode character —Н (U+044D)
               not set up for use with LaTeX.

See the LaTeX manual or LaTeX Companion for explanation.
Type  H <return>  for immediate help.
 ...                                              
                                                  
l.20 ...–±–∞–є–ї —Б–Є—Б—В–µ–Љ–Є–є–љ —Е—Н—А—Н–≥–ї—Н
                                                  –≥—З–Є–є–љ –≥–∞—А—Л–љ –∞–≤...

? 

! LaTeX Error: Unicode character –≥ (U+0433)
               not set up for use with LaTeX.

See the LaTeX manual or LaTeX Companion for explanation.
Type  H <return>  for immediate help.
 ...                                              
                                                  
l.20 ...–∞–є–ї —Б–Є—Б—В–µ–Љ–Є–є–љ —Е—Н—А—Н–≥–ї—Н–≥
                                                  —З–Є–є–љ –≥–∞—А—Л–љ –∞–≤–ї...

? 

! LaTeX Error: Unicode character —З (U+0447)
               not set up for use with LaTeX.

See the LaTeX manual or LaTeX Companion for explanation.
Type  H <return>  for immediate help.
 ...                                              
                                                  
l.20 ...–є–ї —Б–Є—Б—В–µ–Љ–Є–є–љ —Е—Н—А—Н–≥–ї—Н–≥—З
                                                  –Є–є–љ –≥–∞—А—Л–љ –∞–≤–ї–∞...

? 

! LaTeX Error: Unicode character –Є (U+0438)
               not set up for use with LaTeX.

See the LaTeX manual or LaTeX Companion for explanation.
Type  H <return>  for immediate help.
 ...                                              
                                                  
l.20 ...–ї —Б–Є—Б—В–µ–Љ–Є–є–љ —Е—Н—А—Н–≥–ї—Н–≥—З–Є
                                                  –є–љ –≥–∞—А—Л–љ –∞–≤–ї–∞–≥–∞}

? 

! LaTeX Error: Unicode character –є (U+0439)
               not set up for use with LaTeX.

See the LaTeX manual or LaTeX Companion for explanation.
Type  H <return>  for immediate help.
 ...                                              
                                                  
l.20 ... —Б–Є—Б—В–µ–Љ–Є–є–љ —Е—Н—А—Н–≥–ї—Н–≥—З–Є–є
                                                  –љ –≥–∞—А—Л–љ –∞–≤–ї–∞–≥–∞}
? 

! LaTeX Error: Unicode character –љ (U+043D)
               not set up for use with LaTeX.

See the LaTeX manual or LaTeX Companion for explanation.
Type  H <return>  for immediate help.
 ...                                              
                                                  
l.20 ...Б–Є—Б—В–µ–Љ–Є–є–љ —Е—Н—А—Н–≥–ї—Н–≥—З–Є–є–љ
                                                   –≥–∞—А—Л–љ –∞–≤–ї–∞–≥–∞}
? 

! LaTeX Error: Unicode character –≥ (U+0433)
               not set up for use with LaTeX.

See the LaTeX manual or LaTeX Companion for explanation.
Type  H <return>  for immediate help.
 ...                                              
                                                  
l.20 ...—Б—В–µ–Љ–Є–є–љ —Е—Н—А—Н–≥–ї—Н–≥—З–Є–є–љ –≥
                                                  –∞—А—Л–љ –∞–≤–ї–∞–≥–∞}
? 

! LaTeX Error: Unicode character –∞ (U+0430)
               not set up for use with LaTeX.

See the LaTeX manual or LaTeX Companion for explanation.
Type  H <return>  for immediate help.
 ...                                              
                                                  
l.20 ...—В–µ–Љ–Є–є–љ —Е—Н—А—Н–≥–ї—Н–≥—З–Є–є–љ –≥–∞
                                                  —А—Л–љ –∞–≤–ї–∞–≥–∞}
? 

! LaTeX Error: Unicode character —А (U+0440)
               not set up for use with LaTeX.

See the LaTeX manual or LaTeX Companion for explanation.
Type  H <return>  for immediate help.
 ...                                              
                                                  
l.20 ...–µ–Љ–Є–є–љ —Е—Н—А—Н–≥–ї—Н–≥—З–Є–є–љ –≥–∞—А
                                                  —Л–љ –∞–≤–ї–∞–≥–∞}
? 

! LaTeX Error: Unicode character —Л (U+044B)
               not set up for use with LaTeX.

See the LaTeX manual or LaTeX Companion for explanation.
Type  H <return>  for immediate help.
 ...                                              
                                                  
l.20 ...–Љ–Є–є–љ —Е—Н—А—Н–≥–ї—Н–≥—З–Є–є–љ –≥–∞—А—Л
                                                  –љ –∞–≤–ї–∞–≥–∞}
? 

! LaTeX Error: Unicode character –љ (U+043D)
               not set up for use with LaTeX.

See the LaTeX manual or LaTeX Companion for explanation.
Type  H <return>  for immediate help.
 ...                                              
                                                  
l.20 ...–Є–є–љ —Е—Н—А—Н–≥–ї—Н–≥—З–Є–є–љ –≥–∞—А—Л–љ
                                                   –∞–≤–ї–∞–≥–∞}
? 

! LaTeX Error: Unicode character –∞ (U+0430)
               not set up for use with LaTeX.

See the LaTeX manual or LaTeX Companion for explanation.
Type  H <return>  for immediate help.
 ...                                              
                                                  
l.20 ...є–љ —Е—Н—А—Н–≥–ї—Н–≥—З–Є–є–љ –≥–∞—А—Л–љ –∞
                                                  –≤–ї–∞–≥–∞}
? 

! LaTeX Error: Unicode character –≤ (U+0432)
               not set up for use with LaTeX.

See the LaTeX manual or LaTeX Companion for explanation.
Type  H <return>  for immediate help.
 ...                                              
                                                  
l.20 ...љ —Е—Н—А—Н–≥–ї—Н–≥—З–Є–є–љ –≥–∞—А—Л–љ –∞–≤
                                                  –ї–∞–≥–∞}
? 

! LaTeX Error: Unicode character –ї (U+043B)
               not set up for use with LaTeX.

See the LaTeX manual or LaTeX Companion for explanation.
Type  H <return>  for immediate help.
 ...                                              
                                                  
l.20 ...—Е—Н—А—Н–≥–ї—Н–≥—З–Є–є–љ –≥–∞—А—Л–љ –∞–≤–ї
                                                  –∞–≥–∞}
? 

! LaTeX Error: Unicode character –∞ (U+0430)
               not set up for use with LaTeX.

See the LaTeX manual or LaTeX Companion for explanation.
Type  H <return>  for immediate help.
 ...                                              
                                                  
l.20 ...—Н—А—Н–≥–ї—Н–≥—З–Є–є–љ –≥–∞—А—Л–љ –∞–≤–ї–∞
                                                  –≥–∞}
? 

! LaTeX Error: Unicode character –≥ (U+0433)
               not set up for use with LaTeX.

See the LaTeX manual or LaTeX Companion for explanation.
Type  H <return>  for immediate help.
 ...                                              
                                                  
l.20 ...—А—Н–≥–ї—Н–≥—З–Є–є–љ –≥–∞—А—Л–љ –∞–≤–ї–∞–≥
                                                  –∞}
? 

! LaTeX Error: Unicode character –∞ (U+0430)
               not set up for use with LaTeX.

See the LaTeX manual or LaTeX Companion for explanation.
Type  H <return>  for immediate help.
 ...                                              
                                                  
l.20 ...—Н–≥–ї—Н–≥—З–Є–є–љ –≥–∞—А—Л–љ –∞–≤–ї–∞–≥–∞
                                                  }
? 

! LaTeX Error: Unicode character –• (U+0425)
               not set up for use with LaTeX.

See the LaTeX manual or LaTeX Companion for explanation.
Type  H <return>  for immediate help.
 ...                                              
                                                  
l.23 {\large –•
               —Н—А—Н–≥–ї—Н–≥—З, –∞–і–Љ–Є–љ, –•—П—В–∞–і –∞–≥—Г—Г–ї–∞—Е—Л–љ –...

? 

! LaTeX Error: Unicode character —Н (U+044D)
               not set up for use with LaTeX.

See the LaTeX manual or LaTeX Companion for explanation.
Type  H <return>  for immediate help.
 ...                                              
                                                  
l.23 {\large –•—Н
                 —А—Н–≥–ї—Н–≥—З, –∞–і–Љ–Є–љ, –•—П—В–∞–і –∞–≥—Г—Г–ї–∞—Е—Л–љ –...

? 

! LaTeX Error: Unicode character —А (U+0440)
               not set up for use with LaTeX.

See the LaTeX manual or LaTeX Companion for explanation.
Type  H <return>  for immediate help.
 ...                                              
                                                  
l.23 {\large –•—Н—А
                   —Н–≥–ї—Н–≥—З, –∞–і–Љ–Є–љ, –•—П—В–∞–і –∞–≥—Г—Г–ї–∞—Е—Л–љ –...

? 

! LaTeX Error: Unicode character —Н (U+044D)
               not set up for use with LaTeX.

See the LaTeX manual or LaTeX Companion for explanation.
Type  H <return>  for immediate help.
 ...                                              
                                                  
l.23 {\large –•—Н—А—Н
                     –≥–ї—Н–≥—З, –∞–і–Љ–Є–љ, –•—П—В–∞–і –∞–≥—Г—Г–ї–∞—Е—Л–љ –...

? 

! LaTeX Error: Unicode character –≥ (U+0433)
               not set up for use with LaTeX.

See the LaTeX manual or LaTeX Companion for explanation.
Type  H <return>  for immediate help.
 ...                                              
                                                  
l.23 {\large –•—Н—А—Н–≥
                       –ї—Н–≥—З, –∞–і–Љ–Є–љ, –•—П—В–∞–і –∞–≥—Г—Г–ї–∞—Е—Л–љ –...

? 

! LaTeX Error: Unicode character –ї (U+043B)
               not set up for use with LaTeX.

See the LaTeX manual or LaTeX Companion for explanation.
Type  H <return>  for immediate help.
 ...                                              
                                                  
l.23 {\large –•—Н—А—Н–≥–ї
                         —Н–≥—З, –∞–і–Љ–Є–љ, –•—П—В–∞–і –∞–≥—Г—Г–ї–∞—Е—Л–љ –...

? 

! LaTeX Error: Unicode character —Н (U+044D)
               not set up for use with LaTeX.

See the LaTeX manual or LaTeX Companion for explanation.
Type  H <return>  for immediate help.
 ...                                              
                                                  
l.23 {\large –•—Н—А—Н–≥–ї—Н
                           –≥—З, –∞–і–Љ–Є–љ, –•—П—В–∞–і –∞–≥—Г—Г–ї–∞—Е—Л–љ –...

? 

! LaTeX Error: Unicode character –≥ (U+0433)
               not set up for use with LaTeX.

See the LaTeX manual or LaTeX Companion for explanation.
Type  H <return>  for immediate help.
 ...                                              
                                                  
l.23 {\large –•—Н—А—Н–≥–ї—Н–≥
                             —З, –∞–і–Љ–Є–љ, –•—П—В–∞–і –∞–≥—Г—Г–ї–∞—Е—Л–љ –...

? 

! LaTeX Error: Unicode character —З (U+0447)
               not set up for use with LaTeX.

See the LaTeX manual or LaTeX Companion for explanation.
Type  H <return>  for immediate help.
 ...                                              
                                                  
l.23 {\large –•—Н—А—Н–≥–ї—Н–≥—З
                               , –∞–і–Љ–Є–љ, –•—П—В–∞–і –∞–≥—Г—Г–ї–∞—Е—Л–љ –...

? 

! LaTeX Error: Unicode character –∞ (U+0430)
               not set up for use with LaTeX.

See the LaTeX manual or LaTeX Companion for explanation.
Type  H <return>  for immediate help.
 ...                                              
                                                  
l.23 {\large –•—Н—А—Н–≥–ї—Н–≥—З, –∞
                                   –і–Љ–Є–љ, –•—П—В–∞–і –∞–≥—Г—Г–ї–∞—Е—Л–љ –...

? 

! LaTeX Error: Unicode character –і (U+0434)
               not set up for use with LaTeX.

See the LaTeX manual or LaTeX Companion for explanation.
Type  H <return>  for immediate help.
 ...                                              
                                                  
l.23 {\large –•—Н—А—Н–≥–ї—Н–≥—З, –∞–і
                                     –Љ–Є–љ, –•—П—В–∞–і –∞–≥—Г—Г–ї–∞—Е—Л–љ –...

? 

! LaTeX Error: Unicode character –Љ (U+043C)
               not set up for use with LaTeX.

See the LaTeX manual or LaTeX Companion for explanation.
Type  H <return>  for immediate help.
 ...                                              
                                                  
l.23 {\large –•—Н—А—Н–≥–ї—Н–≥—З, –∞–і–Љ
                                       –Є–љ, –•—П—В–∞–і –∞–≥—Г—Г–ї–∞—Е—Л–љ –...

? 

! LaTeX Error: Unicode character –Є (U+0438)
               not set up for use with LaTeX.

See the LaTeX manual or LaTeX Companion for explanation.
Type  H <return>  for immediate help.
 ...                                              
                                                  
l.23 {\large –•—Н—А—Н–≥–ї—Н–≥—З, –∞–і–Љ–Є
                                         –љ, –•—П—В–∞–і –∞–≥—Г—Г–ї–∞—Е—Л–љ –...

? 

! LaTeX Error: Unicode character –љ (U+043D)
               not set up for use with LaTeX.

See the LaTeX manual or LaTeX Companion for explanation.
Type  H <return>  for immediate help.
 ...                                              
                                                  
l.23 {\large –•—Н—А—Н–≥–ї—Н–≥—З, –∞–і–Љ–Є–љ
                                           , –•—П—В–∞–і –∞–≥—Г—Г–ї–∞—Е—Л–љ –...

? 

! LaTeX Error: Unicode character –• (U+0425)
               not set up for use with LaTeX.

See the LaTeX manual or LaTeX Companion for explanation.
Type  H <return>  for immediate help.
 ...                                              
                                                  
l.23 {\large –•—Н—А—Н–≥–ї—Н–≥—З, –∞–і–Љ–Є–љ, –•
                                               —П—В–∞–і –∞–≥—Г—Г–ї–∞—Е—Л–љ –...

? 

! LaTeX Error: Unicode character —П (U+044F)
               not set up for use with LaTeX.

See the LaTeX manual or LaTeX Companion for explanation.
Type  H <return>  for immediate help.
 ...                                              
                                                  
l.23 {\large –•—Н—А—Н–≥–ї—Н–≥—З, –∞–і–Љ–Є–љ, –•—П
                                                 —В–∞–і –∞–≥—Г—Г–ї–∞—Е—Л–љ –...

? 

! LaTeX Error: Unicode character —В (U+0442)
               not set up for use with LaTeX.

See the LaTeX manual or LaTeX Companion for explanation.
Type  H <return>  for immediate help.
 ...                                              
                                                  
l.23 ...rge –•—Н—А—Н–≥–ї—Н–≥—З, –∞–і–Љ–Є–љ, –•—П—В
                                                  –∞–і –∞–≥—Г—Г–ї–∞—Е—Л–љ –∞...

? 

! LaTeX Error: Unicode character –∞ (U+0430)
               not set up for use with LaTeX.

See the LaTeX manual or LaTeX Companion for explanation.
Type  H <return>  for immediate help.
 ...                                              
                                                  
l.23 ...e –•—Н—А—Н–≥–ї—Н–≥—З, –∞–і–Љ–Є–љ, –•—П—В–∞
                                                  –і –∞–≥—Г—Г–ї–∞—Е—Л–љ –∞–ґ...

? 

! LaTeX Error: Unicode character –і (U+0434)
               not set up for use with LaTeX.

See the LaTeX manual or LaTeX Companion for explanation.
Type  H <return>  for immediate help.
 ...                                              
                                                  
l.23 ...–•—Н—А—Н–≥–ї—Н–≥—З, –∞–і–Љ–Є–љ, –•—П—В–∞–і
                                                   –∞–≥—Г—Г–ї–∞—Е—Л–љ –∞–ґ–Є...

? 

! LaTeX Error: Unicode character –∞ (U+0430)
               not set up for use with LaTeX.

See the LaTeX manual or LaTeX Companion for explanation.
Type  H <return>  for immediate help.
 ...                                              
                                                  
l.23 ...Н—А—Н–≥–ї—Н–≥—З, –∞–і–Љ–Є–љ, –•—П—В–∞–і –∞
                                                  –≥—Г—Г–ї–∞—Е—Л–љ –∞–ґ–Є–ї—...

? 

! LaTeX Error: Unicode character –≥ (U+0433)
               not set up for use with LaTeX.

See the LaTeX manual or LaTeX Companion for explanation.
Type  H <return>  for immediate help.
 ...                                              
                                                  
l.23 ...А—Н–≥–ї—Н–≥—З, –∞–і–Љ–Є–љ, –•—П—В–∞–і –∞–≥
                                                  —Г—Г–ї–∞—Е—Л–љ –∞–ґ–Є–ї—В–...

? 

! LaTeX Error: Unicode character —Г (U+0443)
               not set up for use with LaTeX.

See the LaTeX manual or LaTeX Companion for explanation.
Type  H <return>  for immediate help.
 ...                                              
                                                  
l.23 ...Н–≥–ї—Н–≥—З, –∞–і–Љ–Є–љ, –•—П—В–∞–і –∞–≥—Г
                                                  —Г–ї–∞—Е—Л–љ –∞–ґ–Є–ї—В–љ—...

? 

! LaTeX Error: Unicode character —Г (U+0443)
               not set up for use with LaTeX.

See the LaTeX manual or LaTeX Companion for explanation.
Type  H <return>  for immediate help.
 ...                                              
                                                  
l.23 ...≥–ї—Н–≥—З, –∞–і–Љ–Є–љ, –•—П—В–∞–і –∞–≥—Г—Г
                                                  –ї–∞—Е—Л–љ –∞–ґ–Є–ї—В–љ—Л ...

? 

! LaTeX Error: Unicode character –ї (U+043B)
               not set up for use with LaTeX.

See the LaTeX manual or LaTeX Companion for explanation.
Type  H <return>  for immediate help.
 ...                                              
                                                  
l.23 ...ї—Н–≥—З, –∞–і–Љ–Є–љ, –•—П—В–∞–і –∞–≥—Г—Г–ї
                                                  –∞—Е—Л–љ –∞–ґ–Є–ї—В–љ—Л –і...

? 

! LaTeX Error: Unicode character –∞ (U+0430)
               not set up for use with LaTeX.

See the LaTeX manual or LaTeX Companion for explanation.
Type  H <return>  for immediate help.
 ...                                              
                                                  
l.23 ...Н–≥—З, –∞–і–Љ–Є–љ, –•—П—В–∞–і –∞–≥—Г—Г–ї–∞
                                                  —Е—Л–љ –∞–ґ–Є–ї—В–љ—Л –і—Н...

? 

! LaTeX Error: Unicode character —Е (U+0445)
               not set up for use with LaTeX.

See the LaTeX manual or LaTeX Companion for explanation.
Type  H <return>  for immediate help.
 ...                                              
                                                  
l.23 ...≥—З, –∞–і–Љ–Є–љ, –•—П—В–∞–і –∞–≥—Г—Г–ї–∞—Е
                                       